Step 10000, Reward: [820.1422]
Step 20000, Reward: [699.1009]
Step 30000, Reward: [567.4923]
Step 10000, Reward: [121.09802]
Step 20000, Reward: [-781.25464]
Step 30000, Reward: [-168.45932]
Step 40000, Reward: [-750.0364]
Step 50000, Reward: [-1122.0592]
Step 60000, Reward: [138.43109]
Step 70000, Reward: [2617.346]
Step 80000, Reward: [-297.89624]
Step 90000, Reward: [-572.6111]
Step 100000, Reward: [878.1862]
Step 110000, Reward: [1174.8206]
Step 120000, Reward: [1206.9756]
Step 130000, Reward: [1426.8865]
Step 140000, Reward: [836.39667]
Step 150000, Reward: [379.40292]
Step 160000, Reward: [1355.0641]
Step 170000, Reward: [651.46]
Step 180000, Reward: [1480.7881]
Step 190000, Reward: [1312.1466]
Step 200000, Reward: [-3408.771]
Step 210000, Reward: [-167.14294]
Step 220000, Reward: [1305.6664]
Step 230000, Reward: [0.]
Step 240000, Reward: [0.]
Step 250000, Reward: [0.]
Step 260000, Reward: [0.]
Step 270000, Reward: [0.]
Step 280000, Reward: [0.]
Step 290000, Reward: [0.]
Step 300000, Reward: [0.]
Step 310000, Reward: [0.]
Step 320000, Reward: [0.]
Step 330000, Reward: [0.]
Step 340000, Reward: [0.]
Step 350000, Reward: [0.]
Step 360000, Reward: [0.]
Step 370000, Reward: [0.]
Step 380000, Reward: [0.]
Step 390000, Reward: [0.]
Step 400000, Reward: [0.]
Step 410000, Reward: [0.]
Step 420000, Reward: [0.]
Step 430000, Reward: [0.]
