nohup: ignoring input
2025-05-14 22:56:01,937 - Starting SAC training...
Using cpu device
Logging to ./sac_tensorboard/SAC_0
---------------------------------
| rollout/           |          |
|    ep_len_mean     | 10       |
|    ep_rew_mean     | 0        |
| time/              |          |
|    episodes        | 4        |
|    fps             | 187      |
|    time_elapsed    | 0        |
|    total_timesteps | 40       |
---------------------------------
---------------------------------
| rollout/           |          |
|    ep_len_mean     | 10       |
|    ep_rew_mean     | 0        |
| time/              |          |
|    episodes        | 8        |
|    fps             | 189      |
|    time_elapsed    | 0        |
|    total_timesteps | 80       |
---------------------------------
---------------------------------
| rollout/           |          |
|    ep_len_mean     | 10       |
|    ep_rew_mean     | 0        |
| time/              |          |
|    episodes        | 12       |
|    fps             | 28       |
|    time_elapsed    | 4        |
|    total_timesteps | 120      |
| train/             |          |
|    actor_loss      | -0.814   |
|    critic_loss     | 0.307    |
|    ent_coef        | 0.995    |
|    ent_coef_loss   | -0.00908 |
|    learning_rate   | 0.0003   |
|    n_updates       | 19       |
---------------------------------
---------------------------------
| rollout/           |          |
|    ep_len_mean     | 10       |
|    ep_rew_mean     | 0        |
| time/              |          |
|    episodes        | 16       |
|    fps             | 12       |
|    time_elapsed    | 13       |
|    total_timesteps | 160      |
| train/             |          |
|    actor_loss      | -1.18    |
|    critic_loss     | 0.0807   |
|    ent_coef        | 0.983    |
|    ent_coef_loss   | -0.0292  |
|    learning_rate   | 0.0003   |
|    n_updates       | 59       |
---------------------------------
---------------------------------
| rollout/           |          |
|    ep_len_mean     | 10       |
|    ep_rew_mean     | 0        |
| time/              |          |
|    episodes        | 20       |
|    fps             | 8        |
|    time_elapsed    | 24       |
|    total_timesteps | 200      |
| train/             |          |
|    actor_loss      | -1.37    |
|    critic_loss     | 0.0522   |
|    ent_coef        | 0.971    |
|    ent_coef_loss   | -0.0496  |
|    learning_rate   | 0.0003   |
|    n_updates       | 99       |
---------------------------------
---------------------------------
| rollout/           |          |
|    ep_len_mean     | 10       |
|    ep_rew_mean     | 0        |
| time/              |          |
|    episodes        | 24       |
|    fps             | 7        |
|    time_elapsed    | 31       |
|    total_timesteps | 240      |
| train/             |          |
|    actor_loss      | -1.42    |
|    critic_loss     | 0.0884   |
|    ent_coef        | 0.959    |
|    ent_coef_loss   | -0.0701  |
|    learning_rate   | 0.0003   |
|    n_updates       | 139      |
---------------------------------
---------------------------------
| rollout/           |          |
|    ep_len_mean     | 10       |
|    ep_rew_mean     | 0        |
| time/              |          |
|    episodes        | 28       |
|    fps             | 6        |
|    time_elapsed    | 42       |
|    total_timesteps | 280      |
| train/             |          |
|    actor_loss      | -1.48    |
|    critic_loss     | 0.0839   |
|    ent_coef        | 0.948    |
|    ent_coef_loss   | -0.0899  |
|    learning_rate   | 0.0003   |
|    n_updates       | 179      |
---------------------------------
---------------------------------
| rollout/           |          |
|    ep_len_mean     | 10       |
|    ep_rew_mean     | 0        |
| time/              |          |
|    episodes        | 32       |
|    fps             | 6        |
|    time_elapsed    | 49       |
|    total_timesteps | 320      |
| train/             |          |
|    actor_loss      | -1.52    |
|    critic_loss     | 0.0681   |
|    ent_coef        | 0.937    |
|    ent_coef_loss   | -0.11    |
|    learning_rate   | 0.0003   |
|    n_updates       | 219      |
---------------------------------
Job with generation_id 1 scheduled on node k8s-worker-13 successfully.
---------------------------------
| rollout/           |          |
|    ep_len_mean     | 10       |
|    ep_rew_mean     | 0.182    |
| time/              |          |
|    episodes        | 36       |
|    fps             | 5        |
|    time_elapsed    | 61       |
|    total_timesteps | 360      |
| train/             |          |
|    actor_loss      | -3.97    |
|    critic_loss     | 91.7     |
|    ent_coef        | 0.926    |
|    ent_coef_loss   | -0.113   |
|    learning_rate   | 0.0003   |
|    n_updates       | 259      |
---------------------------------
---------------------------------
| rollout/           |          |
|    ep_len_mean     | 10       |
|    ep_rew_mean     | 0.66     |
| time/              |          |
|    episodes        | 40       |
|    fps             | 5        |
|    time_elapsed    | 72       |
|    total_timesteps | 400      |
| train/             |          |
|    actor_loss      | -7.21    |
|    critic_loss     | 103      |
|    ent_coef        | 0.917    |
|    ent_coef_loss   | -0.114   |
|    learning_rate   | 0.0003   |
|    n_updates       | 299      |
---------------------------------
---------------------------------
| rollout/           |          |
|    ep_len_mean     | 10       |
|    ep_rew_mean     | 0.964    |
| time/              |          |
|    episodes        | 44       |
|    fps             | 5        |
|    time_elapsed    | 84       |
|    total_timesteps | 440      |
| train/             |          |
|    actor_loss      | -15.1    |
|    critic_loss     | 214      |
|    ent_coef        | 0.909    |
|    ent_coef_loss   | -0.113   |
|    learning_rate   | 0.0003   |
|    n_updates       | 339      |
---------------------------------
---------------------------------
| rollout/           |          |
|    ep_len_mean     | 10       |
|    ep_rew_mean     | 1.14     |
| time/              |          |
|    episodes        | 48       |
|    fps             | 5        |
|    time_elapsed    | 90       |
|    total_timesteps | 480      |
| train/             |          |
|    actor_loss      | -15.9    |
|    critic_loss     | 184      |
|    ent_coef        | 0.902    |
|    ent_coef_loss   | -0.107   |
|    learning_rate   | 0.0003   |
|    n_updates       | 379      |
---------------------------------
---------------------------------
| rollout/           |          |
|    ep_len_mean     | 10       |
|    ep_rew_mean     | 1.23     |
| time/              |          |
|    episodes        | 52       |
|    fps             | 5        |
|    time_elapsed    | 101      |
|    total_timesteps | 520      |
| train/             |          |
|    actor_loss      | -19.3    |
|    critic_loss     | 242      |
|    ent_coef        | 0.896    |
|    ent_coef_loss   | -0.107   |
|    learning_rate   | 0.0003   |
|    n_updates       | 419      |
---------------------------------
---------------------------------
| rollout/           |          |
|    ep_len_mean     | 10       |
|    ep_rew_mean     | 1.25     |
| time/              |          |
|    episodes        | 56       |
|    fps             | 5        |
|    time_elapsed    | 108      |
|    total_timesteps | 560      |
| train/             |          |
|    actor_loss      | -18      |
|    critic_loss     | 249      |
|    ent_coef        | 0.89     |
|    ent_coef_loss   | -0.066   |
|    learning_rate   | 0.0003   |
|    n_updates       | 459      |
---------------------------------
---------------------------------
| rollout/           |          |
|    ep_len_mean     | 10       |
|    ep_rew_mean     | 1.22     |
| time/              |          |
|    episodes        | 60       |
|    fps             | 5        |
|    time_elapsed    | 116      |
|    total_timesteps | 600      |
| train/             |          |
|    actor_loss      | -19.3    |
|    critic_loss     | 161      |
|    ent_coef        | 0.885    |
|    ent_coef_loss   | -0.0492  |
|    learning_rate   | 0.0003   |
|    n_updates       | 499      |
---------------------------------
---------------------------------
| rollout/           |          |
|    ep_len_mean     | 10       |
|    ep_rew_mean     | 1.14     |
| time/              |          |
|    episodes        | 64       |
|    fps             | 5        |
|    time_elapsed    | 127      |
|    total_timesteps | 640      |
| train/             |          |
|    actor_loss      | -20.1    |
|    critic_loss     | 199      |
|    ent_coef        | 0.88     |
|    ent_coef_loss   | -0.213   |
|    learning_rate   | 0.0003   |
|    n_updates       | 539      |
---------------------------------
